<?xml version="1.0" encoding="UTF-8"?>
<!-- Generated by org.testng.reporters.JUnitReportReporter -->
<testsuite hostname="Mukund-PC" failures="0" tests="1" name="com.Google.search.gs" time="20.048" errors="0" timestamp="2022-03-29T20:59:55 PDT" skipped="0">
  <testcase classname="com.Google.search.gs" name="googlesearch" time="20.048"/>
  <system-out/>
</testsuite> <!-- com.Google.search.gs -->
