<?xml version="1.0" encoding="UTF-8"?>
<!-- Generated by org.testng.reporters.JUnitReportReporter -->
<testsuite hostname="Mukund-PC" failures="0" tests="1" name="com.Google.search.searchonGoogle" time="15.797" errors="0" timestamp="2022-03-29T20:17:45 PDT" skipped="0">
  <testcase classname="com.Google.search.searchonGoogle" name="searchPrdt" time="15.797"/>
  <system-out/>
</testsuite> <!-- com.Google.search.searchonGoogle -->
